20:31:37 **** Incremental Build of configuration Debug for project hydro_project ****
make all 
Building file: ../APP/main.c
Invoking: AVR Compiler
avr-gcc -Wall -g2 -gstabs -O0 -fpack-struct -fshort-enums -ffunction-sections -fdata-sections -std=gnu99 -funsigned-char -funsigned-bitfields -mmcu=atmega32 -DF_CPU=16000000UL -MMD -MP -MF"APP/main.d" -MT"APP/main.o" -c -o "APP/main.o" "../APP/main.c"
In file included from ../APP/main.c:10:
c:/winavr-20100110/lib/gcc/../../avr/include/util/delay.h:90:3: warning: #warning "Compiler optimizations disabled; functions from <util/delay.h> won't work as designed"
Finished building: ../APP/main.c
 
Building target: hydro_project.elf
Invoking: AVR C Linker
avr-gcc -Wl,-Map,hydro_project.map -mmcu=atmega32 -o "hydro_project.elf"  ./APP/HAL/MCAL/gpio.o  ./APP/HAL/IR.o ./APP/HAL/pushbutton.o ./APP/HAL/relay.o  ./APP/main.o   
Finished building target: hydro_project.elf
 
Invoking: AVR Create Extended Listing
avr-objdump -h -S hydro_project.elf  >"hydro_project.lss"
Finished building: hydro_project.lss
 
Create Flash image (ihex format)
avr-objcopy -R .eeprom -R .fuse -R .lock -R .signature -O ihex hydro_project.elf  "hydro_project.hex"
Finished building: hydro_project.hex
 
Invoking: Print Size
avr-size --format=avr --mcu=atmega32 hydro_project.elf
AVR Memory Usage
----------------
Device: atmega32

Program:    6082 bytes (18.6% Full)
(.text + .data + .bootloader)

Data:          9 bytes (0.4% Full)
(.data + .bss + .noinit)


Finished building: sizedummy
 

20:31:38 Build Finished. 0 errors, 1 warnings. (took 396ms)

